[35m[1mScanning dependencies of target pmwcas_static[0m
[  5%] [32mBuilding CXX object CMakeFiles/pmwcas_static.dir/src/util/nvram.cc.o[0m
[ 10%] [32mBuilding CXX object CMakeFiles/pmwcas_static.dir/src/util/status.cc.o[0m
[ 15%] [32mBuilding CXX object CMakeFiles/pmwcas_static.dir/src/environment/environment.cc.o[0m
[ 20%] [32mBuilding CXX object CMakeFiles/pmwcas_static.dir/src/common/allocator_internal.cc.o[0m
[ 25%] [32mBuilding CXX object CMakeFiles/pmwcas_static.dir/src/common/pmwcas_internal.cc.o[0m
[ 30%] [32mBuilding CXX object CMakeFiles/pmwcas_static.dir/src/common/environment_internal.cc.o[0m
[ 35%] [32mBuilding CXX object CMakeFiles/pmwcas_static.dir/src/common/epoch.cc.o[0m
[ 40%] [32mBuilding CXX object CMakeFiles/pmwcas_static.dir/src/mwcas/mwcas.cc.o[0m
[ 45%] [32mBuilding CXX object CMakeFiles/pmwcas_static.dir/src/environment/environment_linux.cc.o[0m
[ 50%] [32m[1mLinking CXX static library libpmwcas_static.a[0m
[ 50%] Built target pmwcas_static
[35m[1mScanning dependencies of target pmwcas[0m
[ 55%] [32mBuilding CXX object CMakeFiles/pmwcas.dir/src/util/nvram.cc.o[0m
[ 60%] [32mBuilding CXX object CMakeFiles/pmwcas.dir/src/util/status.cc.o[0m
[ 65%] [32mBuilding CXX object CMakeFiles/pmwcas.dir/src/environment/environment.cc.o[0m
[ 70%] [32mBuilding CXX object CMakeFiles/pmwcas.dir/src/common/allocator_internal.cc.o[0m
[ 75%] [32mBuilding CXX object CMakeFiles/pmwcas.dir/src/common/pmwcas_internal.cc.o[0m
[ 80%] [32mBuilding CXX object CMakeFiles/pmwcas.dir/src/common/environment_internal.cc.o[0m
[ 85%] [32mBuilding CXX object CMakeFiles/pmwcas.dir/src/common/epoch.cc.o[0m
[ 90%] [32mBuilding CXX object CMakeFiles/pmwcas.dir/src/mwcas/mwcas.cc.o[0m
[ 95%] [32mBuilding CXX object CMakeFiles/pmwcas.dir/src/environment/environment_linux.cc.o[0m
[100%] [32m[1mLinking CXX shared library libpmwcas.so[0m
[100%] Built target pmwcas
